log2c=5 log2g=-7 rate=69.6875
log2c=-1 log2g=-7 rate=62.5
log2c=5 log2g=-1 rate=86.5625
log2c=-1 log2g=-1 rate=88.4375
log2c=11 log2g=-7 rate=85.0
log2c=11 log2g=-1 rate=85.625
log2c=5 log2g=-13 rate=62.5
log2c=-1 log2g=-13 rate=62.5
log2c=11 log2g=-13 rate=66.5625
log2c=-3 log2g=-7 rate=62.5
log2c=-3 log2g=-1 rate=85.3125
log2c=-3 log2g=-13 rate=62.5
log2c=5 log2g=1 rate=88.75
log2c=-1 log2g=1 rate=89.375
log2c=11 log2g=1 rate=88.75
log2c=-3 log2g=1 rate=88.4375
log2c=9 log2g=-7 rate=83.125
log2c=9 log2g=-1 rate=85.625
log2c=9 log2g=-13 rate=62.5
log2c=9 log2g=1 rate=88.75
log2c=5 log2g=-11 rate=62.5
log2c=-1 log2g=-11 rate=62.5
log2c=11 log2g=-11 rate=70.0
log2c=-3 log2g=-11 rate=62.5
log2c=9 log2g=-11 rate=67.1875
log2c=3 log2g=-7 rate=64.6875
log2c=3 log2g=-1 rate=89.0625
log2c=3 log2g=-13 rate=62.5
log2c=3 log2g=1 rate=89.375
log2c=3 log2g=-11 rate=62.5
log2c=5 log2g=-5 rate=85.3125
log2c=-1 log2g=-5 rate=63.4375
log2c=11 log2g=-5 rate=84.0625
log2c=-3 log2g=-5 rate=62.5
log2c=9 log2g=-5 rate=85.9375
log2c=3 log2g=-5 rate=79.375
log2c=15 log2g=-7 rate=82.8125
log2c=15 log2g=-1 rate=85.625
log2c=15 log2g=-13 rate=70.3125
log2c=15 log2g=1 rate=88.75
log2c=15 log2g=-11 rate=76.875
log2c=15 log2g=-5 rate=81.5625
log2c=5 log2g=-15 rate=62.5
log2c=-1 log2g=-15 rate=62.5
log2c=11 log2g=-15 rate=62.5
log2c=-3 log2g=-15 rate=62.5
log2c=9 log2g=-15 rate=62.5
log2c=3 log2g=-15 rate=62.5
log2c=15 log2g=-15 rate=68.75
log2c=-5 log2g=-7 rate=62.5
log2c=-5 log2g=-1 rate=62.5
log2c=-5 log2g=-13 rate=62.5
log2c=-5 log2g=1 rate=62.5
log2c=-5 log2g=-11 rate=62.5
log2c=-5 log2g=-5 rate=62.5
log2c=-5 log2g=-15 rate=62.5
log2c=5 log2g=3 rate=62.5
log2c=-1 log2g=3 rate=62.5
log2c=11 log2g=3 rate=62.5
log2c=-3 log2g=3 rate=62.5
log2c=9 log2g=3 rate=62.5
log2c=3 log2g=3 rate=62.5
log2c=15 log2g=3 rate=62.5
log2c=-5 log2g=3 rate=62.5
log2c=7 log2g=-7 rate=78.4375
log2c=7 log2g=-1 rate=85.625
log2c=7 log2g=-13 rate=62.5
log2c=7 log2g=1 rate=88.75
log2c=7 log2g=-11 rate=62.5
log2c=7 log2g=-5 rate=85.9375
log2c=7 log2g=-15 rate=62.5
log2c=7 log2g=3 rate=62.5
log2c=5 log2g=-9 rate=63.125
log2c=-1 log2g=-9 rate=62.5
log2c=11 log2g=-9 rate=79.0625
log2c=-3 log2g=-9 rate=62.5
log2c=9 log2g=-9 rate=73.4375
log2c=3 log2g=-9 rate=62.5
log2c=15 log2g=-9 rate=85.3125
log2c=-5 log2g=-9 rate=62.5
log2c=7 log2g=-9 rate=68.125
log2c=1 log2g=-7 rate=63.125
log2c=1 log2g=-1 rate=87.1875
log2c=1 log2g=-13 rate=62.5
log2c=1 log2g=1 rate=90.3125
log2c=1 log2g=-11 rate=62.5
log2c=1 log2g=-5 rate=68.125
log2c=1 log2g=-15 rate=62.5
log2c=1 log2g=3 rate=62.5
log2c=1 log2g=-9 rate=62.5
log2c=5 log2g=-3 rate=86.25
log2c=-1 log2g=-3 rate=75.9375
log2c=11 log2g=-3 rate=82.8125
log2c=-3 log2g=-3 rate=65.9375
log2c=9 log2g=-3 rate=83.125
log2c=3 log2g=-3 rate=88.125
log2c=15 log2g=-3 rate=82.8125
log2c=-5 log2g=-3 rate=62.5
log2c=7 log2g=-3 rate=86.5625
log2c=1 log2g=-3 rate=85.625
log2c=13 log2g=-7 rate=85.0
log2c=13 log2g=-1 rate=85.625
log2c=13 log2g=-13 rate=69.375
log2c=13 log2g=1 rate=88.75
log2c=13 log2g=-11 rate=73.75
log2c=13 log2g=-5 rate=81.5625
log2c=13 log2g=-15 rate=65.9375
log2c=13 log2g=3 rate=62.5
log2c=13 log2g=-9 rate=81.25
log2c=13 log2g=-3 rate=82.8125
9375
log2c=13 log2g=3 rate=62.5
log2c=13 log2g=-9 rate=81.25
log2c=13 log2g=-3 rate=82.8125
